<?xml version="1.0" encoding="UTF-8"?>
<testng-results skipped="0" failed="1" total="1" passed="0">
  <reporter-output>
  </reporter-output>
  <suite name="Default suite" duration-ms="6924" started-at="2015-04-16T13:58:52Z" finished-at="2015-04-16T13:58:58Z">
    <groups>
    </groups>
    <test name="Default test" duration-ms="6924" started-at="2015-04-16T13:58:52Z" finished-at="2015-04-16T13:58:58Z">
      <class name="com.yoyo.dao.HobbyDaoTest">
        <test-method status="PASS" signature="unitilsBeforeClass()[pri:0, instance:com.yoyo.dao.HobbyDaoTest@125fefa]" name="unitilsBeforeClass" is-config="true" duration-ms="157" started-at="2015-04-16T21:58:52Z" finished-at="2015-04-16T21:58:52Z">
          <reporter-output>
          </reporter-output>
        </test-method> <!-- unitilsBeforeClass -->
        <test-method status="PASS" signature="unitilsBeforeTestSetUp(java.lang.reflect.Method)[pri:0, instance:com.yoyo.dao.HobbyDaoTest@125fefa]" name="unitilsBeforeTestSetUp" is-config="true" duration-ms="6523" started-at="2015-04-16T21:58:52Z" finished-at="2015-04-16T21:58:58Z">
          <params>
            <param index="0">
              <value>
                <![CDATA[public void com.yoyo.dao.HobbyDaoTest.test()]]>
              </value>
            </param>
          </params>
          <reporter-output>
          </reporter-output>
        </test-method> <!-- unitilsBeforeTestSetUp -->
        <test-method status="FAIL" signature="test()[pri:0, instance:com.yoyo.dao.HobbyDaoTest@125fefa]" name="test" duration-ms="227" started-at="2015-04-16T21:58:58Z" finished-at="2015-04-16T21:58:58Z">
          <exception class="java.lang.AssertionError">
            <message>
              <![CDATA[expected object to not be null]]>
            </message>
            <full-stacktrace>
              <![CDATA[java.lang.AssertionError: expected object to not be null
	at org.testng.Assert.fail(Assert.java:94)
	at org.testng.Assert.assertNotNull(Assert.java:404)
	at org.testng.Assert.assertNotNull(Assert.java:389)
	at com.yoyo.dao.HobbyDaoTest.test(HobbyDaoTest.java:28)
	at sun.reflect.NativeMethodAccessorImpl.invoke0(Native Method)
	at sun.reflect.NativeMethodAccessorImpl.invoke(NativeMethodAccessorImpl.java:39)
	at sun.reflect.DelegatingMethodAccessorImpl.invoke(DelegatingMethodAccessorImpl.java:25)
	at java.lang.reflect.Method.invoke(Method.java:597)
	at org.testng.internal.MethodInvocationHelper.invokeMethod(MethodInvocationHelper.java:84)
	at org.testng.internal.MethodInvocationHelper$1.runTestMethod(MethodInvocationHelper.java:200)
	at org.unitils.UnitilsTestNG.run(UnitilsTestNG.java:103)
	at sun.reflect.NativeMethodAccessorImpl.invoke0(Native Method)
	at sun.reflect.NativeMethodAccessorImpl.invoke(NativeMethodAccessorImpl.java:39)
	at sun.reflect.DelegatingMethodAccessorImpl.invoke(DelegatingMethodAccessorImpl.java:25)
	at java.lang.reflect.Method.invoke(Method.java:597)
	at org.testng.internal.MethodInvocationHelper.invokeHookable(MethodInvocationHelper.java:212)
	at org.testng.internal.Invoker.invokeMethod(Invoker.java:707)
	at org.testng.internal.Invoker.invokeTestMethod(Invoker.java:901)
	at org.testng.internal.Invoker.invokeTestMethods(Invoker.java:1231)
	at org.testng.internal.TestMethodWorker.invokeTestMethods(TestMethodWorker.java:127)
	at org.testng.internal.TestMethodWorker.run(TestMethodWorker.java:111)
	at org.testng.TestRunner.privateRun(TestRunner.java:767)
	at org.testng.TestRunner.run(TestRunner.java:617)
	at org.testng.SuiteRunner.runTest(SuiteRunner.java:334)
	at org.testng.SuiteRunner.runSequentially(SuiteRunner.java:329)
	at org.testng.SuiteRunner.privateRun(SuiteRunner.java:291)
	at org.testng.SuiteRunner.run(SuiteRunner.java:240)
	at org.testng.SuiteRunnerWorker.runSuite(SuiteRunnerWorker.java:52)
	at org.testng.SuiteRunnerWorker.run(SuiteRunnerWorker.java:86)
	at org.testng.TestNG.runSuitesSequentially(TestNG.java:1224)
	at org.testng.TestNG.runSuitesLocally(TestNG.java:1149)
	at org.testng.TestNG.run(TestNG.java:1057)
	at org.testng.remote.RemoteTestNG.run(RemoteTestNG.java:111)
	at org.testng.remote.RemoteTestNG.initAndRun(RemoteTestNG.java:204)
	at org.testng.remote.RemoteTestNG.main(RemoteTestNG.java:175)
]]>
            </full-stacktrace>
          </exception> <!-- java.lang.AssertionError -->
          <reporter-output>
          </reporter-output>
        </test-method> <!-- test -->
        <test-method status="PASS" signature="unitilsAfterTestTearDown(java.lang.reflect.Method)[pri:0, instance:com.yoyo.dao.HobbyDaoTest@125fefa]" name="unitilsAfterTestTearDown" is-config="true" duration-ms="2" started-at="2015-04-16T21:58:58Z" finished-at="2015-04-16T21:58:58Z">
          <params>
            <param index="0">
              <value>
                <![CDATA[public void com.yoyo.dao.HobbyDaoTest.test()]]>
              </value>
            </param>
          </params>
          <reporter-output>
          </reporter-output>
        </test-method> <!-- unitilsAfterTestTearDown -->
      </class> <!-- com.yoyo.dao.HobbyDaoTest -->
    </test> <!-- Default test -->
  </suite> <!-- Default suite -->
</testng-results>
